<?xml version="1.0" encoding="UTF-8"?>
<!-- Generated by org.testng.reporters.JUnitReportReporter -->
<testsuite skipped="0" hostname="ylheq" name="com.test.suite.LoginTest" tests="1" failures="0" timestamp="19 十二月 2019 06:36:41 GMT" time="0.006" errors="0">
  <testcase name="loginTaoBao" time="0.006" classname="com.test.suite.LoginTest"/>
</testsuite> <!-- com.test.suite.LoginTest -->
