<?xml version="1.0" encoding="UTF-8"?>
<!-- Generated by org.testng.reporters.JUnitReportReporter -->
<testsuite skipped="0" hostname="ylheq" name="com.test.testng.GroupsTest" tests="4" failures="0" timestamp="19 十二月 2019 03:20:21 GMT" time="0.018" errors="0">
  <testcase name="test2" time="0.005" classname="com.test.testng.GroupsTest"/>
  <testcase name="test4" time="0.001" classname="com.test.testng.GroupsTest"/>
  <testcase name="test3" time="0.003" classname="com.test.testng.GroupsTest"/>
  <testcase name="test1" time="0.009" classname="com.test.testng.GroupsTest"/>
</testsuite> <!-- com.test.testng.GroupsTest -->
