<?xml version="1.0" encoding="UTF-8"?>
<!-- Generated by org.testng.reporters.JUnitReportReporter -->
<testsuite skipped="0" hostname="ylheq" name="com.test.testng.BasicAnnotince" tests="2" failures="0" timestamp="19 十二月 2019 07:10:48 GMT" time="0.011" errors="0">
  <testcase name="testCase1" time="0.008" classname="com.test.testng.BasicAnnotince"/>
  <testcase name="testCase2" time="0.003" classname="com.test.testng.BasicAnnotince"/>
</testsuite> <!-- com.test.testng.BasicAnnotince -->
