<?xml version="1.0" encoding="UTF-8"?>
<!-- Generated by org.testng.reporters.JUnitReportReporter -->
<testsuite skipped="0" hostname="ylheq" name="com.test.suite.PayTest" tests="1" failures="0" timestamp="19 十二月 2019 06:36:41 GMT" time="0.002" errors="0">
  <testcase name="paySuccess" time="0.002" classname="com.test.suite.PayTest"/>
</testsuite> <!-- com.test.suite.PayTest -->
