<?xml version="1.0" encoding="UTF-8"?>
<!-- Generated by org.testng.reporters.JUnitReportReporter -->
<testsuite skipped="0" hostname="ylheq" name="com.test.testng.DataProviderTest" tests="2" failures="0" timestamp="19 十二月 2019 04:39:01 GMT" time="0.013" errors="0">
  <testcase name="Test2" time="0.002" classname="com.test.testng.DataProviderTest"/>
  <testcase name="Test1" time="0.011" classname="com.test.testng.DataProviderTest"/>
</testsuite> <!-- com.test.testng.DataProviderTest -->
