<?xml version="1.0" encoding="UTF-8"?>
<!-- Generated by org.testng.reporters.JUnitReportReporter -->
<testsuite skipped="0" hostname="ylheq" name="com.test.testng.ExceptionTest" tests="2" failures="0" timestamp="19 十二月 2019 05:57:51 GMT" time="0.021" errors="0">
  <testcase name="runTimeExceptionSuccess1" time="0.019" classname="com.test.testng.ExceptionTest"/>
  <testcase name="runTimeExceptionSuccess2" time="0.002" classname="com.test.testng.ExceptionTest"/>
</testsuite> <!-- com.test.testng.ExceptionTest -->
