<?xml version="1.0" encoding="UTF-8"?>
<!-- Generated by org.testng.reporters.JUnitReportReporter -->
<testsuite skipped="1" hostname="ylheq" name="com.test.testng.IgnoreTest" tests="2" failures="0" timestamp="19 十二月 2019 07:10:48 GMT" time="0.002" errors="0">
  <testcase name="ignore1" time="0.002" classname="com.test.testng.IgnoreTest"/>
  <testcase name="ignore2" classname="com.test.testng.IgnoreTest">
    <skipped/>
  </testcase> <!-- ignore2 -->
</testsuite> <!-- com.test.testng.IgnoreTest -->
