<?xml version="1.0" encoding="UTF-8"?>
<!-- Generated by org.testng.reporters.JUnitReportReporter -->
<testsuite skipped="0" hostname="ylheq" name="com.test.testng.GroupsOnClass1" tests="2" failures="0" timestamp="19 十二月 2019 03:44:15 GMT" time="0.013" errors="0">
  <testcase name="test1" time="0.011" classname="com.test.testng.GroupsOnClass1"/>
  <testcase name="test2" time="0.002" classname="com.test.testng.GroupsOnClass1"/>
</testsuite> <!-- com.test.testng.GroupsOnClass1 -->
