<?xml version="1.0" encoding="UTF-8"?>
<!-- Generated by org.testng.reporters.JUnitReportReporter -->
<testsuite skipped="0" hostname="ylheq" name="com.test.testng.MultiThreadOnAnnotice" tests="10" failures="0" timestamp="19 十二月 2019 06:20:58 GMT" time="0.066" errors="0">
  <testcase name="test1" time="0.005" classname="com.test.testng.MultiThreadOnAnnotice"/>
  <testcase name="test1" time="0.014" classname="com.test.testng.MultiThreadOnAnnotice"/>
  <testcase name="test1" time="0.002" classname="com.test.testng.MultiThreadOnAnnotice"/>
  <testcase name="test1" time="0.005" classname="com.test.testng.MultiThreadOnAnnotice"/>
  <testcase name="test1" time="0.014" classname="com.test.testng.MultiThreadOnAnnotice"/>
  <testcase name="test1" time="0.002" classname="com.test.testng.MultiThreadOnAnnotice"/>
  <testcase name="test1" time="0.004" classname="com.test.testng.MultiThreadOnAnnotice"/>
  <testcase name="test1" time="0.002" classname="com.test.testng.MultiThreadOnAnnotice"/>
  <testcase name="test1" time="0.014" classname="com.test.testng.MultiThreadOnAnnotice"/>
  <testcase name="test1" time="0.004" classname="com.test.testng.MultiThreadOnAnnotice"/>
</testsuite> <!-- com.test.testng.MultiThreadOnAnnotice -->
