<?xml version="1.0" encoding="UTF-8"?>
<!-- Generated by org.testng.reporters.JUnitReportReporter -->
<testsuite skipped="0" hostname="ylheq" name="com.test.testng.ParameterTest" tests="1" failures="0" timestamp="19 十二月 2019 04:18:48 GMT" time="0.012" errors="0">
  <testcase name="paraTest" time="0.012" classname="com.test.testng.ParameterTest"/>
</testsuite> <!-- com.test.testng.ParameterTest -->
