<?xml version="1.0" encoding="UTF-8"?>
<!-- Generated by org.testng.reporters.JUnitReportReporter -->
<testsuite skipped="0" hostname="ylheq" name="com.test.httpclient.TestPostCookies" tests="2" failures="0" timestamp="20 十二月 2019 04:53:44 GMT" time="0.921" errors="0">
  <testcase name="postWithCookies" time="0.021" classname="com.test.httpclient.TestPostCookies"/>
  <testcase name="getCookies" time="0.900" classname="com.test.httpclient.TestPostCookies"/>
</testsuite> <!-- com.test.httpclient.TestPostCookies -->
