<?xml version="1.0" encoding="UTF-8"?>
<!-- Generated by org.testng.reporters.JUnitReportReporter -->
<testsuite skipped="0" hostname="ylheq" name="com.test.httpclient.Demo1" tests="1" failures="0" timestamp="20 十二月 2019 02:02:40 GMT" time="0.928" errors="0">
  <testcase name="test1" time="0.928" classname="com.test.httpclient.Demo1"/>
</testsuite> <!-- com.test.httpclient.Demo1 -->
