<?xml version="1.0" encoding="UTF-8"?>
<!-- Generated by org.testng.reporters.JUnitReportReporter -->
<testsuite skipped="0" hostname="ylheq" name="com.test.httpclient.TestGetCookies" tests="2" failures="0" timestamp="20 十二月 2019 04:12:10 GMT" time="0.891" errors="0">
  <testcase name="getWithCookies" time="0.012" classname="com.test.httpclient.TestGetCookies"/>
  <testcase name="getCookies" time="0.879" classname="com.test.httpclient.TestGetCookies"/>
</testsuite> <!-- com.test.httpclient.TestGetCookies -->
