<?xml version="1.0" encoding="UTF-8"?>
<!-- Generated by org.testng.reporters.JUnitReportReporter -->
<testsuite name="com.test.cases.GetUserInfoTest" tests="1" time="0.243" ignored="0" failures="0" timestamp="26 Dec 2019 11:14:36 GMT" skipped="0" hostname="ylheq" errors="0">
  <testcase name="getUserInfo" time="0.243" classname="com.test.cases.GetUserInfoTest"/>
</testsuite> <!-- com.test.cases.GetUserInfoTest -->
