<?xml version="1.0" encoding="UTF-8"?>
<!-- Generated by org.testng.reporters.JUnitReportReporter -->
<testsuite name="com.test.cases.LoginTest" tests="2" time="1.343" ignored="0" failures="0" timestamp="26 Dec 2019 11:14:36 GMT" skipped="0" hostname="ylheq" errors="0">
  <testcase name="loginFalse" time="0.086" classname="com.test.cases.LoginTest"/>
  <testcase name="loginTrue" time="1.257" classname="com.test.cases.LoginTest"/>
</testsuite> <!-- com.test.cases.LoginTest -->
