<?xml version="1.0" encoding="UTF-8"?>
<!-- Generated by org.testng.reporters.JUnitReportReporter -->
<testsuite name="com.test.cases.GetUserInfoListTest" tests="1" time="0.135" ignored="0" failures="0" timestamp="26 十二月 2019 10:19:46 GMT" skipped="0" hostname="ylheq" errors="0">
  <testcase name="getUserInfoList" time="0.135" classname="com.test.cases.GetUserInfoListTest"/>
</testsuite> <!-- com.test.cases.GetUserInfoListTest -->
