<?xml version="1.0" encoding="UTF-8"?>
<!-- Generated by org.testng.reporters.JUnitReportReporter -->
<testsuite name="com.test.cases.AddUserTest" tests="1" time="0.226" ignored="0" failures="0" timestamp="26 Dec 2019 11:14:36 GMT" skipped="0" hostname="ylheq" errors="0">
  <testcase name="addUser" time="0.226" classname="com.test.cases.AddUserTest"/>
</testsuite> <!-- com.test.cases.AddUserTest -->
